Build target 'Timer2_Capture'
compiling Capture.c...
..\Capture.c(49): error C221: non-constant case/dim expression
..\Capture.c(54): error C220: illegal constant expression
..\Capture.c(59): error C220: illegal constant expression
compiling IR.c...
Target not created.
Build Time Elapsed:  00:00:00
